<?xml version="1.0" encoding="UTF-8"?>
<!-- Generated by org.testng.reporters.JUnitReportReporter -->
<testsuite hostname="MAM-PC" failures="0" tests="1" name="teseCases.TC_Dashboard_015" time="0.660" errors="0" timestamp="2024-11-04T17:19:07 MST" skipped="0">
  <testcase classname="teseCases.TC_Dashboard_015" name="verifyLeftMenu_Performance" time="0.660"/>
</testsuite> <!-- teseCases.TC_Dashboard_015 -->
