<?xml version="1.0" encoding="UTF-8"?>
<!-- Generated by org.testng.reporters.JUnitReportReporter -->
<testsuite hostname="MAM-PC" failures="0" tests="1" name="teseCases.TC_Dashboard_019" time="9.621" errors="0" timestamp="2024-11-04T18:30:55 MST" skipped="0">
  <testcase classname="teseCases.TC_Dashboard_019" name="verifyLeftMenu_Maintenance" time="9.621"/>
</testsuite> <!-- teseCases.TC_Dashboard_019 -->
