<?xml version="1.0" encoding="UTF-8"?>
<!-- Generated by org.testng.reporters.JUnitReportReporter -->
<testsuite hostname="MAM-PC" failures="0" tests="1" name="teseCases.TC_Dashboard_005" time="0.944" errors="0" timestamp="2024-11-04T13:25:39 MST" skipped="0">
  <testcase classname="teseCases.TC_Dashboard_005" name="verifyQuickLaunch_applyLeave" time="0.944"/>
</testsuite> <!-- teseCases.TC_Dashboard_005 -->
