<?xml version="1.0" encoding="UTF-8"?>
<!-- Generated by org.testng.reporters.JUnitReportReporter -->
<testsuite hostname="MAM-PC" failures="0" tests="1" name="teseCases.TC_Dashboard_017" time="1.893" errors="0" timestamp="2024-11-04T18:14:40 MST" skipped="0">
  <testcase classname="teseCases.TC_Dashboard_017" name="verifyLeftMenu_Maintenance" time="1.893"/>
</testsuite> <!-- teseCases.TC_Dashboard_017 -->
