<?xml version="1.0" encoding="UTF-8"?>
<!-- Generated by org.testng.reporters.JUnitReportReporter -->
<testsuite hostname="MAM-PC" failures="0" tests="1" name="teseCases.TC_Dashboard_016" time="0.856" errors="0" timestamp="2024-11-04T18:13:49 MST" skipped="0">
  <testcase classname="teseCases.TC_Dashboard_016" name="verifyLeftMenu_Maintenance" time="0.856"/>
</testsuite> <!-- teseCases.TC_Dashboard_016 -->
