<?xml version="1.0" encoding="UTF-8"?>
<!-- Generated by org.testng.reporters.JUnitReportReporter -->
<testsuite hostname="MAM-PC" failures="0" tests="1" name="teseCases.TC_Dashboard_014" time="0.923" errors="0" timestamp="2024-11-04T17:16:31 MST" skipped="0">
  <testcase classname="teseCases.TC_Dashboard_014" name="verifyLeftMenu_Performance" time="0.923"/>
</testsuite> <!-- teseCases.TC_Dashboard_014 -->
