<?xml version="1.0" encoding="UTF-8"?>
<!-- Generated by org.testng.reporters.JUnitReportReporter -->
<testsuite hostname="MAM-PC" failures="0" tests="1" name="teseCases.TC_Dashboard_001" time="0.764" errors="0" timestamp="2024-10-30T15:35:29 MST" skipped="0">
  <testcase classname="teseCases.TC_Dashboard_001" name="clickOnTimeAtWork" time="0.764"/>
</testsuite> <!-- teseCases.TC_Dashboard_001 -->
