<?xml version="1.0" encoding="UTF-8"?>
<!-- Generated by org.testng.reporters.JUnitReportReporter -->
<testsuite hostname="MAM-PC" failures="0" tests="1" name="teseCases.TC_Dashboard_011" time="0.853" errors="0" timestamp="2024-11-04T14:25:15 MST" skipped="0">
  <testcase classname="teseCases.TC_Dashboard_011" name="verifyLeftMenu_Time" time="0.853"/>
</testsuite> <!-- teseCases.TC_Dashboard_011 -->
