<?xml version="1.0" encoding="UTF-8"?>
<!-- Generated by org.testng.reporters.JUnitReportReporter -->
<testsuite hostname="MAM-PC" failures="0" tests="1" name="teseCases.TC_Dashboard_21" time="1.792" errors="0" timestamp="2024-11-04T19:41:14 MST" skipped="0">
  <testcase classname="teseCases.TC_Dashboard_21" name="verifyLeftMenu_Buzz" time="1.792"/>
</testsuite> <!-- teseCases.TC_Dashboard_21 -->
