<?xml version="1.0" encoding="UTF-8"?>
<!-- Generated by org.testng.reporters.JUnitReportReporter -->
<testsuite hostname="MAM-PC" failures="0" tests="1" name="teseCases.TC_Dashboard_002" time="0.896" errors="0" timestamp="2024-11-04T12:36:29 MST" skipped="0">
  <testcase classname="teseCases.TC_Dashboard_002" name="verifyQuickLaunch" time="0.896"/>
</testsuite> <!-- teseCases.TC_Dashboard_002 -->
