<?xml version="1.0" encoding="UTF-8"?>
<!-- Generated by org.testng.reporters.JUnitReportReporter -->
<testsuite hostname="MAM-PC" failures="0" tests="1" name="teseCases.TC_Dashboard_012" time="0.821" errors="0" timestamp="2024-11-04T17:10:12 MST" skipped="0">
  <testcase classname="teseCases.TC_Dashboard_012" name="verifyLeftMenu_Recruitment" time="0.821"/>
</testsuite> <!-- teseCases.TC_Dashboard_012 -->
