<?xml version="1.0" encoding="UTF-8"?>
<!-- Generated by org.testng.reporters.JUnitReportReporter -->
<testsuite hostname="MAM-PC" failures="0" tests="1" name="teseCases.TC_Dashboard_020" time="3.181" errors="0" timestamp="2024-11-04T19:38:50 MST" skipped="0">
  <testcase classname="teseCases.TC_Dashboard_020" name="verifyLeftMenu_Claim" time="3.181"/>
</testsuite> <!-- teseCases.TC_Dashboard_020 -->
