<?xml version="1.0" encoding="UTF-8"?>
<!-- Generated by org.testng.reporters.JUnitReportReporter -->
<testsuite hostname="MAM-PC" failures="0" tests="1" name="teseCases.TC_Dashboard_008" time="0.833" errors="0" timestamp="2024-11-04T13:52:12 MST" skipped="0">
  <testcase classname="teseCases.TC_Dashboard_008" name="verifyDashboard_LeftMenu" time="0.833"/>
</testsuite> <!-- teseCases.TC_Dashboard_008 -->
