<?xml version="1.0" encoding="UTF-8"?>
<!-- Generated by org.testng.reporters.JUnitReportReporter -->
<testsuite hostname="MAM-PC" failures="0" tests="1" name="teseCases.TC_Dashboard_013" time="0.917" errors="0" timestamp="2024-11-04T17:12:53 MST" skipped="0">
  <testcase classname="teseCases.TC_Dashboard_013" name="verifyLeftMenu_MyInfo" time="0.917"/>
</testsuite> <!-- teseCases.TC_Dashboard_013 -->
