<?xml version="1.0" encoding="UTF-8"?>
<!-- Generated by org.testng.reporters.JUnitReportReporter -->
<testsuite hostname="MAM-PC" failures="0" tests="1" name="teseCases.TC_MyInfo_002" time="4.898" errors="0" timestamp="2024-10-30T12:29:04 MST" skipped="0">
  <testcase classname="teseCases.TC_MyInfo_002" name="editName" time="4.898"/>
</testsuite> <!-- teseCases.TC_MyInfo_002 -->
