<?xml version="1.0" encoding="UTF-8"?>
<!-- Generated by org.testng.reporters.JUnitReportReporter -->
<testsuite hostname="MAM-PC" failures="0" tests="1" name="teseCases.TC_Dashboard_010" time="0.813" errors="0" timestamp="2024-11-04T14:17:20 MST" skipped="0">
  <testcase classname="teseCases.TC_Dashboard_010" name="verifyLeftMenu_PIM" time="0.813"/>
</testsuite> <!-- teseCases.TC_Dashboard_010 -->
