<?xml version="1.0" encoding="UTF-8"?>
<!-- Generated by org.testng.reporters.JUnitReportReporter -->
<testsuite hostname="MAM-PC" failures="0" tests="1" name="teseCases.TC_Dashboard_003" time="0.899" errors="0" timestamp="2024-11-04T13:02:04 MST" skipped="0">
  <testcase classname="teseCases.TC_Dashboard_003" name="verifyQuickLaunch_AssignLeave" time="0.899"/>
</testsuite> <!-- teseCases.TC_Dashboard_003 -->
