<?xml version="1.0" encoding="UTF-8"?>
<!-- Generated by org.testng.reporters.JUnitReportReporter -->
<testsuite hostname="MAM-PC" failures="0" tests="1" name="teseCases.TC_Dashboard_004" time="0.880" errors="0" timestamp="2024-11-04T13:21:44 MST" skipped="0">
  <testcase classname="teseCases.TC_Dashboard_004" name="verifyQuickLaunch_TimeSheets" time="0.880"/>
</testsuite> <!-- teseCases.TC_Dashboard_004 -->
