<?xml version="1.0" encoding="UTF-8"?>
<!-- Generated by org.testng.reporters.JUnitReportReporter -->
<testsuite hostname="MAM-PC" failures="0" tests="1" name="teseCases.TC_Dashboard_009" time="0.882" errors="0" timestamp="2024-11-04T14:06:06 MST" skipped="0">
  <testcase classname="teseCases.TC_Dashboard_009" name="verifyLeftMenu_PIM" time="0.882"/>
</testsuite> <!-- teseCases.TC_Dashboard_009 -->
